-------------------------------------------------------------------------------
Test set: org.example.tests.LiveInGameTests
-------------------------------------------------------------------------------
Tests run: 4, Failures: 0, Errors: 1, Skipped: 0, Time elapsed: 25.658 s <<< FAILURE! - in org.example.tests.LiveInGameTests
useTryToPlaceBetBeforeLogin  Time elapsed: 12.143 s  <<< ERROR!
org.openqa.selenium.ElementClickInterceptedException: 
element click intercepted: Element <div class="sportsbook-outcome-cell">...</div> is not clickable at point (467, 374). Other element would receive the click: <li id="subcategory_...">Both Teams to Score</li>
  (Session info: chrome=119.0.6045.200)
Build info: version: '4.15.0', revision: '1d14b5521b'
System info: os.name: 'Windows 10', os.arch: 'amd64', os.version: '10.0', java.version: '17.0.9'
Driver info: org.openqa.selenium.chrome.ChromeDriver
Command: [428015fd496a4c91e4be064a4912cf31, clickElement {id=81153F2D6E2609C17991A49E4D479116_element_120}]
Capabilities {acceptInsecureCerts: false, browserName: chrome, browserVersion: 119.0.6045.200, chrome: {chromedriverVersion: 119.0.6045.105 (38c72552c5e..., userDataDir: C:\Users\Viktoria\AppData\L...}, fedcm:accounts: true, goog:chromeOptions: {debuggerAddress: localhost:63607}, networkConnectionEnabled: false, pageLoadStrategy: normal, platformName: windows, proxy: Proxy(), se:cdp: ws://localhost:63607/devtoo..., se:cdpVersion: 119.0.6045.200, setWindowRect: true, strictFileInteractability: false, timeouts: {implicit: 0, pageLoad: 300000, script: 30000}, unhandledPromptBehavior: dismiss and notify, webauthn:extension:credBlob: true, webauthn:extension:largeBlob: true, webauthn:extension:minPinLength: true, webauthn:extension:prf: true, webauthn:virtualAuthenticators: true}
Element: [[ChromeDriver: chrome on windows (428015fd496a4c91e4be064a4912cf31)] -> css selector: div[class='sportsbook-outcome-cell']]
Session ID: 428015fd496a4c91e4be064a4912cf31
	at org.example.tests.LiveInGameTests.useTryToPlaceBetBeforeLogin(LiveInGameTests.java:126)

